#! /usr/bin/vvp
:ivl_version "0.9.7 " "(v0_9_7)";
:vpi_time_precision - 10;
:vpi_module "system";
:vpi_module "v2005_math";
:vpi_module "va_math";
S_0x24c3690 .scope module, "mult1_tb" "mult1_tb" 2 3;
 .timescale -9 -10;
P_0x24fd808 .param/l "CLK_PERIOD" 2 12, +C4<010100>;
v0x2512400_0 .var "ack_tb", 0 0;
v0x25124a0_0 .var "clk_tb", 0 0;
v0x2512550_0 .var "multiplicand_tb", 31 0;
v0x2512600_0 .var "multiplier_tb", 31 0;
v0x25126e0_0 .net "product_tb", 63 0, v0x25120b0_0; 1 drivers
v0x2512790_0 .var "rst_tb", 0 0;
v0x2512810_0 .var "start_tb", 0 0;
S_0x24fd1b0 .scope module, "UUT" "mult1" 2 15, 3 25, S_0x24c3690;
 .timescale -9 -10;
P_0x24c3878 .param/l "DONE" 3 44, C4<1000>;
P_0x24c38a0 .param/l "REPEAT" 3 43, C4<0100>;
P_0x24c38c8 .param/l "START" 3 41, C4<0001>;
P_0x24c38f0 .param/l "TEST" 3 42, C4<0010>;
v0x24d5fa0_0 .net "ack", 0 0, v0x2512400_0; 1 drivers
v0x2511bb0_0 .net "clk", 0 0, v0x25124a0_0; 1 drivers
v0x2511c50_0 .var "i", 5 0;
v0x2511cf0_0 .net "multiplicand", 31 0, v0x2512550_0; 1 drivers
v0x2511da0_0 .var "multiplicand_reg", 31 0;
v0x2511e40_0 .net "multiplier", 31 0, v0x2512600_0; 1 drivers
v0x2511f20_0 .net "multiplier0", 0 0, L_0x25128c0; 1 drivers
v0x2511fc0_0 .var "multiplier_reg", 31 0;
v0x25120b0_0 .var "product", 63 0;
v0x2512150_0 .net "rst", 0 0, v0x2512790_0; 1 drivers
v0x2512250_0 .net "start", 0 0, v0x2512810_0; 1 drivers
v0x25122f0_0 .var "state", 3 0;
E_0x24e9c30 .event posedge, v0x2512150_0, v0x2511bb0_0;
L_0x25128c0 .part v0x2511fc0_0, 0, 1;
S_0x24c3780 .scope begin, "CLK_GENERATOR" "CLK_GENERATOR" 2 34, 2 34, S_0x24c3690;
 .timescale -9 -10;
    .scope S_0x24fd1b0;
T_0 ;
    %wait E_0x24e9c30;
    %load/v 8, v0x2512150_0, 1;
    %jmp/0xz  T_0.0, 8;
    %movi 8, 1, 4;
    %set/v v0x25122f0_0, 8, 4;
    %set/v v0x25120b0_0, 2, 64;
    %set/v v0x2511c50_0, 2, 6;
    %set/v v0x2511da0_0, 2, 32;
    %set/v v0x2511fc0_0, 2, 32;
    %jmp T_0.1;
T_0.0 ;
    %load/v 8, v0x25122f0_0, 4;
    %cmpi/u 8, 1, 4;
    %jmp/1 T_0.2, 6;
    %cmpi/u 8, 2, 4;
    %jmp/1 T_0.3, 6;
    %cmpi/u 8, 4, 4;
    %jmp/1 T_0.4, 6;
    %cmpi/u 8, 8, 4;
    %jmp/1 T_0.5, 6;
    %jmp T_0.6;
T_0.2 ;
    %ix/load 0, 6, 0;
    %assign/v0 v0x2511c50_0, 0, 0;
    %ix/load 0, 64, 0;
    %assign/v0 v0x25120b0_0, 0, 0;
    %load/v 8, v0x2511e40_0, 32;
    %ix/load 0, 32, 0;
    %assign/v0 v0x2511fc0_0, 0, 8;
    %load/v 8, v0x2511cf0_0, 32;
    %ix/load 0, 32, 0;
    %assign/v0 v0x2511da0_0, 0, 8;
    %load/v 8, v0x2512250_0, 1;
    %jmp/0xz  T_0.7, 8;
    %movi 8, 2, 4;
    %set/v v0x25122f0_0, 8, 4;
    %jmp T_0.8;
T_0.7 ;
    %movi 8, 1, 4;
    %set/v v0x25122f0_0, 8, 4;
T_0.8 ;
    %jmp T_0.6;
T_0.3 ;
    %load/v 8, v0x2511c50_0, 6;
    %mov 14, 0, 26;
    %addi 8, 1, 32;
    %ix/load 0, 6, 0;
    %assign/v0 v0x2511c50_0, 0, 8;
    %load/v 8, v0x2511f20_0, 1;
    %jmp/0xz  T_0.9, 8;
    %load/v 8, v0x25120b0_0, 64;
    %load/v 72, v0x2511da0_0, 32;
    %mov 104, 0, 32;
    %add 8, 72, 64;
    %ix/load 0, 64, 0;
    %assign/v0 v0x25120b0_0, 0, 8;
T_0.9 ;
    %load/v 8, v0x2511da0_0, 32;
    %ix/load 0, 1, 0;
    %mov 4, 0, 1;
    %shiftl/i0  8, 32;
    %ix/load 0, 32, 0;
    %assign/v0 v0x2511da0_0, 0, 8;
    %load/v 8, v0x2511fc0_0, 32;
    %ix/load 0, 1, 0;
    %mov 4, 0, 1;
    %shiftr/i0  8, 32;
    %ix/load 0, 32, 0;
    %assign/v0 v0x2511fc0_0, 0, 8;
    %movi 8, 4, 4;
    %ix/load 0, 4, 0;
    %assign/v0 v0x25122f0_0, 0, 8;
    %jmp T_0.6;
T_0.4 ;
    %load/v 8, v0x2511c50_0, 6;
    %mov 14, 0, 2;
   %cmpi/u 8, 32, 8;
    %or 5, 4, 1;
    %jmp/0xz  T_0.11, 5;
    %movi 8, 2, 4;
    %ix/load 0, 4, 0;
    %assign/v0 v0x25122f0_0, 0, 8;
    %jmp T_0.12;
T_0.11 ;
    %movi 8, 8, 4;
    %ix/load 0, 4, 0;
    %assign/v0 v0x25122f0_0, 0, 8;
T_0.12 ;
    %jmp T_0.6;
T_0.5 ;
    %load/v 8, v0x24d5fa0_0, 1;
    %jmp/0xz  T_0.13, 8;
    %movi 8, 1, 4;
    %ix/load 0, 4, 0;
    %assign/v0 v0x25122f0_0, 0, 8;
    %jmp T_0.14;
T_0.13 ;
    %movi 8, 8, 4;
    %ix/load 0, 4, 0;
    %assign/v0 v0x25122f0_0, 0, 8;
T_0.14 ;
    %jmp T_0.6;
T_0.6 ;
T_0.1 ;
    %jmp T_0;
    .thread T_0;
    .scope S_0x24c3690;
T_1 ;
    %set/v v0x2512790_0, 1, 1;
    %delay 400, 0;
    %set/v v0x2512790_0, 0, 1;
    %end;
    .thread T_1;
    .scope S_0x24c3690;
T_2 ;
    %fork t_1, S_0x24c3780;
    %jmp t_0;
    .scope S_0x24c3780;
t_1 ;
    %set/v v0x25124a0_0, 0, 1;
T_2.0 ;
    %delay 100, 0;
    %load/v 8, v0x25124a0_0, 1;
    %inv 8, 1;
    %set/v v0x25124a0_0, 8, 1;
    %jmp T_2.0;
    %end;
    .scope S_0x24c3690;
t_0 %join;
    %end;
    .thread T_2;
    .scope S_0x24c3690;
T_3 ;
    %vpi_call 2 45 "$dumpfile", "simluation.vcd";
    %vpi_call 2 46 "$dumpvars";
    %set/v v0x2512790_0, 0, 1;
    %movi 8, 10, 32;
    %set/v v0x2512550_0, 8, 32;
    %movi 8, 3, 32;
    %set/v v0x2512600_0, 8, 32;
    %set/v v0x2512810_0, 0, 1;
    %set/v v0x2512400_0, 0, 1;
    %set/v v0x2512790_0, 1, 1;
    %delay 400, 0;
    %set/v v0x2512790_0, 0, 1;
    %delay 400, 0;
    %set/v v0x2512810_0, 1, 1;
    %delay 400, 0;
    %set/v v0x2512810_0, 0, 1;
    %end;
    .thread T_3;
# The file index is used to find the file name in the following table.
:file_names 4;
    "N/A";
    "<interactive>";
    "mult1_tb.v";
    "mult1.v";
